{
  "uid" : "c33078303f641d4c",
  "name" : "validData",
  "fullName" : "AcquiringCaptureTest.validData",
  "historyId" : "e3432790fa85f732dc3d99ae537f8878",
  "time" : {
    "start" : 1615406339131,
    "stop" : 1615406342263,
    "duration" : 3132
  },
  "status" : "failed",
  "statusMessage" : "1 expectation failed.\nResponse body doesn't match expectation.\nExpected: The content to match the given JSON schema.\nerror: object has missing required properties ([\"amount\",\"created_at\",\"currency_code\",\"id\",\"merchant_id\",\"originaltransaction_id\",\"payment_instrument_id\",\"program_id\",\"reference\",\"status\",\"terminal_id\",\"type\"])\n    level: \"error\"\n    schema: {\"loadingURI\":\"file:/C:/Users/Alexandru/IdeaProjects/TestFrameworkPrysym/target/test-classes/validationschemas/acquiringCaptureResponseValidation.json#\",\"pointer\":\"\"}\n    instance: {\"pointer\":\"\"}\n    domain: \"validation\"\n    keyword: \"required\"\n    required: [\"amount\",\"created_at\",\"currency_code\",\"id\",\"merchant_id\",\"originaltransaction_id\",\"payment_instrument_id\",\"program_id\",\"reference\",\"status\",\"terminal_id\",\"type\"]\n    missing: [\"amount\",\"created_at\",\"currency_code\",\"id\",\"merchant_id\",\"originaltransaction_id\",\"payment_instrument_id\",\"program_id\",\"reference\",\"status\",\"terminal_id\",\"type\"]\n\n  Actual: {\"data\":{\"id\":\"01781db8-9bd8-01b4-49d4-3fc0326503c2\",\"program_id\":\"1b1476f8-3b30-4e94-8b8b-e7b312e6d5c8\",\"merchant_id\":\"016fd8c3-f677-a782-122d-2b55e30c93ce\",\"terminal_id\":null,\"currency_code\":\"USD\",\"amount\":7.00,\"type\":\"CAPTURE\",\"status\":\"APPROVED\",\"reference\":null,\"payment_instrument_id\":\"01724c19-83d7-5e31-e23a-889df5e2fd82\",\"originaltransaction_id\":\"01724c19-925b-1a9e-776c-744ba147386e\",\"auth_id\":\"OK2551\",\"fd_merchant_id\":\"RCTST1000084652\",\"bank_net_data\":\"0525MCC705700\",\"fd_terminal_id\":\"00000001\",\"created_at\":\"2020-05-25T13:50:40Z\"}}\n",
  "statusTrace" : "java.lang.AssertionError: 1 expectation failed.\nResponse body doesn't match expectation.\nExpected: The content to match the given JSON schema.\nerror: object has missing required properties ([\"amount\",\"created_at\",\"currency_code\",\"id\",\"merchant_id\",\"originaltransaction_id\",\"payment_instrument_id\",\"program_id\",\"reference\",\"status\",\"terminal_id\",\"type\"])\n    level: \"error\"\n    schema: {\"loadingURI\":\"file:/C:/Users/Alexandru/IdeaProjects/TestFrameworkPrysym/target/test-classes/validationschemas/acquiringCaptureResponseValidation.json#\",\"pointer\":\"\"}\n    instance: {\"pointer\":\"\"}\n    domain: \"validation\"\n    keyword: \"required\"\n    required: [\"amount\",\"created_at\",\"currency_code\",\"id\",\"merchant_id\",\"originaltransaction_id\",\"payment_instrument_id\",\"program_id\",\"reference\",\"status\",\"terminal_id\",\"type\"]\n    missing: [\"amount\",\"created_at\",\"currency_code\",\"id\",\"merchant_id\",\"originaltransaction_id\",\"payment_instrument_id\",\"program_id\",\"reference\",\"status\",\"terminal_id\",\"type\"]\n\n  Actual: {\"data\":{\"id\":\"01781db8-9bd8-01b4-49d4-3fc0326503c2\",\"program_id\":\"1b1476f8-3b30-4e94-8b8b-e7b312e6d5c8\",\"merchant_id\":\"016fd8c3-f677-a782-122d-2b55e30c93ce\",\"terminal_id\":null,\"currency_code\":\"USD\",\"amount\":7.00,\"type\":\"CAPTURE\",\"status\":\"APPROVED\",\"reference\":null,\"payment_instrument_id\":\"01724c19-83d7-5e31-e23a-889df5e2fd82\",\"originaltransaction_id\":\"01724c19-925b-1a9e-776c-744ba147386e\",\"auth_id\":\"OK2551\",\"fd_merchant_id\":\"RCTST1000084652\",\"bank_net_data\":\"0525MCC705700\",\"fd_terminal_id\":\"00000001\",\"created_at\":\"2020-05-25T13:50:40Z\"}}\n\r\n\tat java.base/jdk.internal.reflect.NativeConstructorAccessorImpl.newInstance0(Native Method)\r\n\tat java.base/jdk.internal.reflect.NativeConstructorAccessorImpl.newInstance(NativeConstructorAccessorImpl.java:62)\r\n\tat java.base/jdk.internal.reflect.DelegatingConstructorAccessorImpl.newInstance(DelegatingConstructorAccessorImpl.java:45)\r\n\tat java.base/java.lang.reflect.Constructor.newInstance(Constructor.java:490)\r\n\tat org.codehaus.groovy.reflection.CachedConstructor.invoke(CachedConstructor.java:72)\r\n\tat org.codehaus.groovy.reflection.CachedConstructor.doConstructorInvoke(CachedConstructor.java:59)\r\n\tat org.codehaus.groovy.runtime.callsite.ConstructorSite$ConstructorSiteNoUnwrap.callConstructor(ConstructorSite.java:84)\r\n\tat org.codehaus.groovy.runtime.callsite.CallSiteArray.defaultCallConstructor(CallSiteArray.java:59)\r\n\tat org.codehaus.groovy.runtime.callsite.AbstractCallSite.callConstructor(AbstractCallSite.java:263)\r\n\tat org.codehaus.groovy.runtime.callsite.AbstractCallSite.callConstructor(AbstractCallSite.java:277)\r\n\tat io.restassured.internal.ResponseSpecificationImpl$HamcrestAssertionClosure.validate(ResponseSpecificationImpl.groovy:493)\r\n\tat io.restassured.internal.ResponseSpecificationImpl$HamcrestAssertionClosure$validate$1.call(Unknown Source)\r\n\tat org.codehaus.groovy.runtime.callsite.CallSiteArray.defaultCall(CallSiteArray.java:47)\r\n\tat org.codehaus.groovy.runtime.callsite.AbstractCallSite.call(AbstractCallSite.java:125)\r\n\tat org.codehaus.groovy.runtime.callsite.AbstractCallSite.call(AbstractCallSite.java:139)\r\n\tat io.restassured.internal.ResponseSpecificationImpl.validateResponseIfRequired(ResponseSpecificationImpl.groovy:674)\r\n\tat java.base/jdk.internal.reflect.NativeMethodAccessorImpl.invoke0(Native Method)\r\n\tat java.base/jdk.internal.reflect.NativeMethodAccessorImpl.invoke(NativeMethodAccessorImpl.java:62)\r\n\tat java.base/jdk.internal.reflect.DelegatingMethodAccessorImpl.invoke(DelegatingMethodAccessorImpl.java:43)\r\n\tat java.base/java.lang.reflect.Method.invoke(Method.java:566)\r\n\tat org.codehaus.groovy.runtime.callsite.PlainObjectMetaMethodSite.doInvoke(PlainObjectMetaMethodSite.java:43)\r\n\tat org.codehaus.groovy.runtime.callsite.PogoMetaMethodSite$PogoCachedMethodSiteNoUnwrapNoCoerce.invoke(PogoMetaMethodSite.java:193)\r\n\tat org.codehaus.groovy.runtime.callsite.PogoMetaMethodSite.callCurrent(PogoMetaMethodSite.java:61)\r\n\tat org.codehaus.groovy.runtime.callsite.CallSiteArray.defaultCallCurrent(CallSiteArray.java:51)\r\n\tat org.codehaus.groovy.runtime.callsite.AbstractCallSite.callCurrent(AbstractCallSite.java:171)\r\n\tat org.codehaus.groovy.runtime.callsite.AbstractCallSite.callCurrent(AbstractCallSite.java:185)\r\n\tat io.restassured.internal.ResponseSpecificationImpl.body(ResponseSpecificationImpl.groovy:98)\r\n\tat io.restassured.internal.ValidatableResponseOptionsImpl.body(ValidatableResponseOptionsImpl.java:238)\r\n\tat io.restassured.internal.ValidatableResponseImpl.super$2$body(ValidatableResponseImpl.groovy)\r\n\tat java.base/jdk.internal.reflect.NativeMethodAccessorImpl.invoke0(Native Method)\r\n\tat java.base/jdk.internal.reflect.NativeMethodAccessorImpl.invoke(NativeMethodAccessorImpl.java:62)\r\n\tat java.base/jdk.internal.reflect.DelegatingMethodAccessorImpl.invoke(DelegatingMethodAccessorImpl.java:43)\r\n\tat java.base/java.lang.reflect.Method.invoke(Method.java:566)\r\n\tat org.codehaus.groovy.reflection.CachedMethod.invoke(CachedMethod.java:107)\r\n\tat groovy.lang.MetaMethod.doMethodInvoke(MetaMethod.java:323)\r\n\tat groovy.lang.MetaClassImpl.invokeMethod(MetaClassImpl.java:1268)\r\n\tat org.codehaus.groovy.runtime.ScriptBytecodeAdapter.invokeMethodOnSuperN(ScriptBytecodeAdapter.java:144)\r\n\tat io.restassured.internal.ValidatableResponseImpl.body(ValidatableResponseImpl.groovy:293)\r\n\tat io.restassured.internal.ValidatableResponseImpl.body(ValidatableResponseImpl.groovy)\r\n\tat AcquiringCaptureTest.validData(AcquiringCaptureTest.java:47)\r\n\tat java.base/jdk.internal.reflect.NativeMethodAccessorImpl.invoke0(Native Method)\r\n\tat java.base/jdk.internal.reflect.NativeMethodAccessorImpl.invoke(NativeMethodAccessorImpl.java:62)\r\n\tat java.base/jdk.internal.reflect.DelegatingMethodAccessorImpl.invoke(DelegatingMethodAccessorImpl.java:43)\r\n\tat java.base/java.lang.reflect.Method.invoke(Method.java:566)\r\n\tat org.testng.internal.MethodInvocationHelper.invokeMethod(MethodInvocationHelper.java:133)\r\n\tat org.testng.internal.TestInvoker.invokeMethod(TestInvoker.java:598)\r\n\tat org.testng.internal.TestInvoker.invokeTestMethod(TestInvoker.java:173)\r\n\tat org.testng.internal.MethodRunner.runInSequence(MethodRunner.java:46)\r\n\tat org.testng.internal.TestInvoker$MethodInvocationAgent.invoke(TestInvoker.java:824)\r\n\tat org.testng.internal.TestInvoker.invokeTestMethods(TestInvoker.java:146)\r\n\tat org.testng.internal.TestMethodWorker.invokeTestMethods(TestMethodWorker.java:146)\r\n\tat org.testng.internal.TestMethodWorker.run(TestMethodWorker.java:128)\r\n\tat java.base/java.util.ArrayList.forEach(ArrayList.java:1541)\r\n\tat org.testng.TestRunner.privateRun(TestRunner.java:794)\r\n\tat org.testng.TestRunner.run(TestRunner.java:596)\r\n\tat org.testng.SuiteRunner.runTest(SuiteRunner.java:377)\r\n\tat org.testng.SuiteRunner.runSequentially(SuiteRunner.java:371)\r\n\tat org.testng.SuiteRunner.privateRun(SuiteRunner.java:332)\r\n\tat org.testng.SuiteRunner.run(SuiteRunner.java:276)\r\n\tat org.testng.SuiteRunnerWorker.runSuite(SuiteRunnerWorker.java:53)\r\n\tat org.testng.SuiteRunnerWorker.run(SuiteRunnerWorker.java:96)\r\n\tat org.testng.TestNG.runSuitesSequentially(TestNG.java:1212)\r\n\tat org.testng.TestNG.runSuitesLocally(TestNG.java:1134)\r\n\tat org.testng.TestNG.runSuites(TestNG.java:1063)\r\n\tat org.testng.TestNG.run(TestNG.java:1031)\r\n\tat org.apache.maven.surefire.testng.TestNGExecutor.run(TestNGExecutor.java:136)\r\n\tat org.apache.maven.surefire.testng.TestNGDirectoryTestSuite.executeMulti(TestNGDirectoryTestSuite.java:193)\r\n\tat org.apache.maven.surefire.testng.TestNGDirectoryTestSuite.execute(TestNGDirectoryTestSuite.java:94)\r\n\tat org.apache.maven.surefire.testng.TestNGProvider.invoke(TestNGProvider.java:145)\r\n\tat org.apache.maven.surefire.booter.ForkedBooter.runSuitesInProcess(ForkedBooter.java:428)\r\n\tat org.apache.maven.surefire.booter.ForkedBooter.execute(ForkedBooter.java:162)\r\n\tat org.apache.maven.surefire.booter.ForkedBooter.run(ForkedBooter.java:562)\r\n\tat org.apache.maven.surefire.booter.ForkedBooter.main(ForkedBooter.java:548)\r\n",
  "flaky" : false,
  "newFailed" : false,
  "beforeStages" : [ ],
  "testStage" : {
    "status" : "failed",
    "statusMessage" : "1 expectation failed.\nResponse body doesn't match expectation.\nExpected: The content to match the given JSON schema.\nerror: object has missing required properties ([\"amount\",\"created_at\",\"currency_code\",\"id\",\"merchant_id\",\"originaltransaction_id\",\"payment_instrument_id\",\"program_id\",\"reference\",\"status\",\"terminal_id\",\"type\"])\n    level: \"error\"\n    schema: {\"loadingURI\":\"file:/C:/Users/Alexandru/IdeaProjects/TestFrameworkPrysym/target/test-classes/validationschemas/acquiringCaptureResponseValidation.json#\",\"pointer\":\"\"}\n    instance: {\"pointer\":\"\"}\n    domain: \"validation\"\n    keyword: \"required\"\n    required: [\"amount\",\"created_at\",\"currency_code\",\"id\",\"merchant_id\",\"originaltransaction_id\",\"payment_instrument_id\",\"program_id\",\"reference\",\"status\",\"terminal_id\",\"type\"]\n    missing: [\"amount\",\"created_at\",\"currency_code\",\"id\",\"merchant_id\",\"originaltransaction_id\",\"payment_instrument_id\",\"program_id\",\"reference\",\"status\",\"terminal_id\",\"type\"]\n\n  Actual: {\"data\":{\"id\":\"01781db8-9bd8-01b4-49d4-3fc0326503c2\",\"program_id\":\"1b1476f8-3b30-4e94-8b8b-e7b312e6d5c8\",\"merchant_id\":\"016fd8c3-f677-a782-122d-2b55e30c93ce\",\"terminal_id\":null,\"currency_code\":\"USD\",\"amount\":7.00,\"type\":\"CAPTURE\",\"status\":\"APPROVED\",\"reference\":null,\"payment_instrument_id\":\"01724c19-83d7-5e31-e23a-889df5e2fd82\",\"originaltransaction_id\":\"01724c19-925b-1a9e-776c-744ba147386e\",\"auth_id\":\"OK2551\",\"fd_merchant_id\":\"RCTST1000084652\",\"bank_net_data\":\"0525MCC705700\",\"fd_terminal_id\":\"00000001\",\"created_at\":\"2020-05-25T13:50:40Z\"}}\n",
    "statusTrace" : "java.lang.AssertionError: 1 expectation failed.\nResponse body doesn't match expectation.\nExpected: The content to match the given JSON schema.\nerror: object has missing required properties ([\"amount\",\"created_at\",\"currency_code\",\"id\",\"merchant_id\",\"originaltransaction_id\",\"payment_instrument_id\",\"program_id\",\"reference\",\"status\",\"terminal_id\",\"type\"])\n    level: \"error\"\n    schema: {\"loadingURI\":\"file:/C:/Users/Alexandru/IdeaProjects/TestFrameworkPrysym/target/test-classes/validationschemas/acquiringCaptureResponseValidation.json#\",\"pointer\":\"\"}\n    instance: {\"pointer\":\"\"}\n    domain: \"validation\"\n    keyword: \"required\"\n    required: [\"amount\",\"created_at\",\"currency_code\",\"id\",\"merchant_id\",\"originaltransaction_id\",\"payment_instrument_id\",\"program_id\",\"reference\",\"status\",\"terminal_id\",\"type\"]\n    missing: [\"amount\",\"created_at\",\"currency_code\",\"id\",\"merchant_id\",\"originaltransaction_id\",\"payment_instrument_id\",\"program_id\",\"reference\",\"status\",\"terminal_id\",\"type\"]\n\n  Actual: {\"data\":{\"id\":\"01781db8-9bd8-01b4-49d4-3fc0326503c2\",\"program_id\":\"1b1476f8-3b30-4e94-8b8b-e7b312e6d5c8\",\"merchant_id\":\"016fd8c3-f677-a782-122d-2b55e30c93ce\",\"terminal_id\":null,\"currency_code\":\"USD\",\"amount\":7.00,\"type\":\"CAPTURE\",\"status\":\"APPROVED\",\"reference\":null,\"payment_instrument_id\":\"01724c19-83d7-5e31-e23a-889df5e2fd82\",\"originaltransaction_id\":\"01724c19-925b-1a9e-776c-744ba147386e\",\"auth_id\":\"OK2551\",\"fd_merchant_id\":\"RCTST1000084652\",\"bank_net_data\":\"0525MCC705700\",\"fd_terminal_id\":\"00000001\",\"created_at\":\"2020-05-25T13:50:40Z\"}}\n\r\n\tat java.base/jdk.internal.reflect.NativeConstructorAccessorImpl.newInstance0(Native Method)\r\n\tat java.base/jdk.internal.reflect.NativeConstructorAccessorImpl.newInstance(NativeConstructorAccessorImpl.java:62)\r\n\tat java.base/jdk.internal.reflect.DelegatingConstructorAccessorImpl.newInstance(DelegatingConstructorAccessorImpl.java:45)\r\n\tat java.base/java.lang.reflect.Constructor.newInstance(Constructor.java:490)\r\n\tat org.codehaus.groovy.reflection.CachedConstructor.invoke(CachedConstructor.java:72)\r\n\tat org.codehaus.groovy.reflection.CachedConstructor.doConstructorInvoke(CachedConstructor.java:59)\r\n\tat org.codehaus.groovy.runtime.callsite.ConstructorSite$ConstructorSiteNoUnwrap.callConstructor(ConstructorSite.java:84)\r\n\tat org.codehaus.groovy.runtime.callsite.CallSiteArray.defaultCallConstructor(CallSiteArray.java:59)\r\n\tat org.codehaus.groovy.runtime.callsite.AbstractCallSite.callConstructor(AbstractCallSite.java:263)\r\n\tat org.codehaus.groovy.runtime.callsite.AbstractCallSite.callConstructor(AbstractCallSite.java:277)\r\n\tat io.restassured.internal.ResponseSpecificationImpl$HamcrestAssertionClosure.validate(ResponseSpecificationImpl.groovy:493)\r\n\tat io.restassured.internal.ResponseSpecificationImpl$HamcrestAssertionClosure$validate$1.call(Unknown Source)\r\n\tat org.codehaus.groovy.runtime.callsite.CallSiteArray.defaultCall(CallSiteArray.java:47)\r\n\tat org.codehaus.groovy.runtime.callsite.AbstractCallSite.call(AbstractCallSite.java:125)\r\n\tat org.codehaus.groovy.runtime.callsite.AbstractCallSite.call(AbstractCallSite.java:139)\r\n\tat io.restassured.internal.ResponseSpecificationImpl.validateResponseIfRequired(ResponseSpecificationImpl.groovy:674)\r\n\tat java.base/jdk.internal.reflect.NativeMethodAccessorImpl.invoke0(Native Method)\r\n\tat java.base/jdk.internal.reflect.NativeMethodAccessorImpl.invoke(NativeMethodAccessorImpl.java:62)\r\n\tat java.base/jdk.internal.reflect.DelegatingMethodAccessorImpl.invoke(DelegatingMethodAccessorImpl.java:43)\r\n\tat java.base/java.lang.reflect.Method.invoke(Method.java:566)\r\n\tat org.codehaus.groovy.runtime.callsite.PlainObjectMetaMethodSite.doInvoke(PlainObjectMetaMethodSite.java:43)\r\n\tat org.codehaus.groovy.runtime.callsite.PogoMetaMethodSite$PogoCachedMethodSiteNoUnwrapNoCoerce.invoke(PogoMetaMethodSite.java:193)\r\n\tat org.codehaus.groovy.runtime.callsite.PogoMetaMethodSite.callCurrent(PogoMetaMethodSite.java:61)\r\n\tat org.codehaus.groovy.runtime.callsite.CallSiteArray.defaultCallCurrent(CallSiteArray.java:51)\r\n\tat org.codehaus.groovy.runtime.callsite.AbstractCallSite.callCurrent(AbstractCallSite.java:171)\r\n\tat org.codehaus.groovy.runtime.callsite.AbstractCallSite.callCurrent(AbstractCallSite.java:185)\r\n\tat io.restassured.internal.ResponseSpecificationImpl.body(ResponseSpecificationImpl.groovy:98)\r\n\tat io.restassured.internal.ValidatableResponseOptionsImpl.body(ValidatableResponseOptionsImpl.java:238)\r\n\tat io.restassured.internal.ValidatableResponseImpl.super$2$body(ValidatableResponseImpl.groovy)\r\n\tat java.base/jdk.internal.reflect.NativeMethodAccessorImpl.invoke0(Native Method)\r\n\tat java.base/jdk.internal.reflect.NativeMethodAccessorImpl.invoke(NativeMethodAccessorImpl.java:62)\r\n\tat java.base/jdk.internal.reflect.DelegatingMethodAccessorImpl.invoke(DelegatingMethodAccessorImpl.java:43)\r\n\tat java.base/java.lang.reflect.Method.invoke(Method.java:566)\r\n\tat org.codehaus.groovy.reflection.CachedMethod.invoke(CachedMethod.java:107)\r\n\tat groovy.lang.MetaMethod.doMethodInvoke(MetaMethod.java:323)\r\n\tat groovy.lang.MetaClassImpl.invokeMethod(MetaClassImpl.java:1268)\r\n\tat org.codehaus.groovy.runtime.ScriptBytecodeAdapter.invokeMethodOnSuperN(ScriptBytecodeAdapter.java:144)\r\n\tat io.restassured.internal.ValidatableResponseImpl.body(ValidatableResponseImpl.groovy:293)\r\n\tat io.restassured.internal.ValidatableResponseImpl.body(ValidatableResponseImpl.groovy)\r\n\tat AcquiringCaptureTest.validData(AcquiringCaptureTest.java:47)\r\n\tat java.base/jdk.internal.reflect.NativeMethodAccessorImpl.invoke0(Native Method)\r\n\tat java.base/jdk.internal.reflect.NativeMethodAccessorImpl.invoke(NativeMethodAccessorImpl.java:62)\r\n\tat java.base/jdk.internal.reflect.DelegatingMethodAccessorImpl.invoke(DelegatingMethodAccessorImpl.java:43)\r\n\tat java.base/java.lang.reflect.Method.invoke(Method.java:566)\r\n\tat org.testng.internal.MethodInvocationHelper.invokeMethod(MethodInvocationHelper.java:133)\r\n\tat org.testng.internal.TestInvoker.invokeMethod(TestInvoker.java:598)\r\n\tat org.testng.internal.TestInvoker.invokeTestMethod(TestInvoker.java:173)\r\n\tat org.testng.internal.MethodRunner.runInSequence(MethodRunner.java:46)\r\n\tat org.testng.internal.TestInvoker$MethodInvocationAgent.invoke(TestInvoker.java:824)\r\n\tat org.testng.internal.TestInvoker.invokeTestMethods(TestInvoker.java:146)\r\n\tat org.testng.internal.TestMethodWorker.invokeTestMethods(TestMethodWorker.java:146)\r\n\tat org.testng.internal.TestMethodWorker.run(TestMethodWorker.java:128)\r\n\tat java.base/java.util.ArrayList.forEach(ArrayList.java:1541)\r\n\tat org.testng.TestRunner.privateRun(TestRunner.java:794)\r\n\tat org.testng.TestRunner.run(TestRunner.java:596)\r\n\tat org.testng.SuiteRunner.runTest(SuiteRunner.java:377)\r\n\tat org.testng.SuiteRunner.runSequentially(SuiteRunner.java:371)\r\n\tat org.testng.SuiteRunner.privateRun(SuiteRunner.java:332)\r\n\tat org.testng.SuiteRunner.run(SuiteRunner.java:276)\r\n\tat org.testng.SuiteRunnerWorker.runSuite(SuiteRunnerWorker.java:53)\r\n\tat org.testng.SuiteRunnerWorker.run(SuiteRunnerWorker.java:96)\r\n\tat org.testng.TestNG.runSuitesSequentially(TestNG.java:1212)\r\n\tat org.testng.TestNG.runSuitesLocally(TestNG.java:1134)\r\n\tat org.testng.TestNG.runSuites(TestNG.java:1063)\r\n\tat org.testng.TestNG.run(TestNG.java:1031)\r\n\tat org.apache.maven.surefire.testng.TestNGExecutor.run(TestNGExecutor.java:136)\r\n\tat org.apache.maven.surefire.testng.TestNGDirectoryTestSuite.executeMulti(TestNGDirectoryTestSuite.java:193)\r\n\tat org.apache.maven.surefire.testng.TestNGDirectoryTestSuite.execute(TestNGDirectoryTestSuite.java:94)\r\n\tat org.apache.maven.surefire.testng.TestNGProvider.invoke(TestNGProvider.java:145)\r\n\tat org.apache.maven.surefire.booter.ForkedBooter.runSuitesInProcess(ForkedBooter.java:428)\r\n\tat org.apache.maven.surefire.booter.ForkedBooter.execute(ForkedBooter.java:162)\r\n\tat org.apache.maven.surefire.booter.ForkedBooter.run(ForkedBooter.java:562)\r\n\tat org.apache.maven.surefire.booter.ForkedBooter.main(ForkedBooter.java:548)\r\n",
    "steps" : [ ],
    "attachments" : [ {
      "uid" : "5cf4f4f45e5a73ff",
      "name" : "Request",
      "source" : "5cf4f4f45e5a73ff.html",
      "type" : "text/html",
      "size" : 387
    }, {
      "uid" : "30e5b568db5fc8d0",
      "name" : "HTTP/1.1 200 ",
      "source" : "30e5b568db5fc8d0.html",
      "type" : "text/html",
      "size" : 1746
    } ],
    "parameters" : [ ],
    "shouldDisplayMessage" : true,
    "attachmentsCount" : 2,
    "stepsCount" : 0,
    "hasContent" : true
  },
  "afterStages" : [ ],
  "labels" : [ {
    "name" : "package",
    "value" : "AcquiringCaptureTest"
  }, {
    "name" : "testClass",
    "value" : "AcquiringCaptureTest"
  }, {
    "name" : "testMethod",
    "value" : "validData"
  }, {
    "name" : "parentSuite",
    "value" : "Surefire suite"
  }, {
    "name" : "suite",
    "value" : "Surefire test"
  }, {
    "name" : "subSuite",
    "value" : "AcquiringCaptureTest"
  }, {
    "name" : "host",
    "value" : "DESKTOP-MCC13KB"
  }, {
    "name" : "thread",
    "value" : "11548@DESKTOP-MCC13KB.main(1)"
  }, {
    "name" : "framework",
    "value" : "testng"
  }, {
    "name" : "language",
    "value" : "java"
  }, {
    "name" : "resultFormat",
    "value" : "allure2"
  } ],
  "parameters" : [ ],
  "links" : [ ],
  "hidden" : false,
  "retry" : false,
  "extra" : {
    "severity" : "normal",
    "retries" : [ ],
    "categories" : [ {
      "name" : "Product defects",
      "matchedStatuses" : [ ],
      "flaky" : false
    } ],
    "tags" : [ ]
  },
  "source" : "c33078303f641d4c.json",
  "parameterValues" : [ ]
}